-------------------------------------------------------------------------------
Test set: lt.codeacademy.shop_api.service.UserServiceTests
-------------------------------------------------------------------------------
Tests run: 2, Failures: 1, Errors: 0, Skipped: 0, Time elapsed: 8.038 s <<< FAILURE! - in lt.codeacademy.shop_api.service.UserServiceTests
shouldCreateUser  Time elapsed: 1.47 s  <<< FAILURE!
org.opentest4j.AssertionFailedError: expected: <2> but was: <5>
	at lt.codeacademy.shop_api.service.UserServiceTests.shouldCreateUser(UserServiceTests.java:90)

